<?xml version="1.0" encoding="UTF-8"?>
<!-- Generated by org.testng.reporters.JUnitXMLReporter -->
<testsuite ignored="0" hostname="ATMECSINDT-080" failures="0" tests="6" name="Default test" time="24.609" errors="0" timestamp="11 Nov 2019 16:11:54 GMT">
  <testcase classname="com.atmecs.ninja.testbase.InvokeBrowser" name="setup" time="13.7"/>
  <testcase classname="com.atmecs.ninja.testscripts.Homepage" name="clickSearchButton" time="0.171"/>
  <testcase classname="com.atmecs.ninja.testscripts.AddCart" name="enterData" time="5.976"/>
  <testcase classname="com.atmecs.ninja.testscripts.AddCart" name="enterData" time="3.331"/>
  <testcase classname="com.atmecs.ninja.testscripts.AddCart" name="validateCartAfterAdd" time="0.677"/>
  <testcase classname="com.atmecs.ninja.testscripts.AddCart" name="validateAfterRemove" time="0.093"/>
</testsuite> <!-- Default test -->
