<?xml version="1.0" encoding="UTF-8"?>
<testng-results ignored="0" total="6" passed="6" failed="0" skipped="0">
  <reporter-output>
  </reporter-output>
  <suite started-at="2019-11-11T16:11:29Z" name="Default suite" finished-at="2019-11-11T16:11:54Z" duration-ms="24609">
    <groups>
    </groups>
    <test started-at="2019-11-11T16:11:29Z" name="Default test" finished-at="2019-11-11T16:11:54Z" duration-ms="24609">
      <class name="com.atmecs.ninja.testscripts.AddCart">
        <test-method signature="setup()[pri:1, instance:com.atmecs.ninja.testscripts.AddCart@188715b5]" started-at="2019-11-11T16:11:29Z" name="setup" finished-at="2019-11-11T16:11:43Z" duration-ms="13700" status="PASS">
          <reporter-output>
          </reporter-output>
        </test-method> <!-- setup -->
        <test-method signature="clickSearchButton()[pri:2, instance:com.atmecs.ninja.testscripts.AddCart@188715b5]" started-at="2019-11-11T16:11:43Z" name="clickSearchButton" finished-at="2019-11-11T16:11:43Z" duration-ms="171" status="PASS">
          <reporter-output>
          </reporter-output>
        </test-method> <!-- clickSearchButton -->
        <test-method signature="enterData([Ljava.lang.String;)[pri:3, instance:com.atmecs.ninja.testscripts.AddCart@188715b5]" started-at="2019-11-11T16:11:44Z" name="enterData" data-provider="data" finished-at="2019-11-11T16:11:50Z" duration-ms="5976" status="PASS">
          <params>
            <param index="0">
              <value>
                <![CDATA[[Ljava.lang.String;@2b97cc1f]]>
              </value>
            </param>
          </params>
          <reporter-output>
          </reporter-output>
        </test-method> <!-- enterData -->
        <test-method signature="enterData([Ljava.lang.String;)[pri:3, instance:com.atmecs.ninja.testscripts.AddCart@188715b5]" started-at="2019-11-11T16:11:50Z" name="enterData" data-provider="data" finished-at="2019-11-11T16:11:53Z" duration-ms="3331" status="PASS">
          <params>
            <param index="0">
              <value>
                <![CDATA[[Ljava.lang.String;@60723d6a]]>
              </value>
            </param>
          </params>
          <reporter-output>
          </reporter-output>
        </test-method> <!-- enterData -->
        <test-method signature="validateCartAfterAdd()[pri:4, instance:com.atmecs.ninja.testscripts.AddCart@188715b5]" started-at="2019-11-11T16:11:53Z" name="validateCartAfterAdd" finished-at="2019-11-11T16:11:54Z" duration-ms="677" status="PASS">
          <reporter-output>
          </reporter-output>
        </test-method> <!-- validateCartAfterAdd -->
        <test-method signature="validateAfterRemove()[pri:5, instance:com.atmecs.ninja.testscripts.AddCart@188715b5]" started-at="2019-11-11T16:11:54Z" name="validateAfterRemove" finished-at="2019-11-11T16:11:54Z" duration-ms="93" status="PASS">
          <reporter-output>
          </reporter-output>
        </test-method> <!-- validateAfterRemove -->
      </class> <!-- com.atmecs.ninja.testscripts.AddCart -->
    </test> <!-- Default test -->
  </suite> <!-- Default suite -->
</testng-results>
